time="2018-04-09T22:57:07+08:00" level=info msg="用户加入房间成功1" dial_id=296
time="2018-04-09T22:57:07+08:00" level=info msg="发送消息{\"content\":\"加入房间成功\",\"type\":6,\"dial_id\":296}" dial_id=296
time="2018-04-09T22:57:22+08:00" level=info msg="开始写入,用户ID:1" dial_id=296
time="2018-04-09T22:57:22+08:00" level=info msg="收到pong用户ID:1Agent:okhttp/3.9.0" dial_id=296
time="2018-04-09T22:57:28+08:00" level=info msg="发送消息{\"content\":\"加入房间成功\",\"type\":6,\"dial_id\":296}" dial_id=296
time="2018-04-09T22:57:28+08:00" level=info msg="用户加入房间成功4" dial_id=296
time="2018-04-09T22:57:30+08:00" level=info msg="收到客户端消息" dial_id=296
time="2018-04-09T22:57:30+08:00" level=info msg="{\"content\":\"{\\\"NIMChannelID\\\":6239378745614572}\",\"type\":1,\"dial_id\":0}<nil>" dial_id=296
time="2018-04-09T22:57:30+08:00" level=info msg="视频开始，开始扣费" dial_id=296
time="2018-04-09T22:57:30+08:00" level=info msg="发送消息{\"content\":\"{\\\"balance\\\":98620,\\\"cost\\\":10,\\\"timelong\\\":0}\",\"type\":1,\"dial_id\":296}" dial_id=296
time="2018-04-09T22:57:30+08:00" level=info msg="发送消息{\"content\":\"{\\\"balance\\\":98620,\\\"cost\\\":10,\\\"timelong\\\":0}\",\"type\":1,\"dial_id\":296}" dial_id=296
time="2018-04-09T22:57:37+08:00" level=info msg="开始写入,用户ID:1" dial_id=296
time="2018-04-09T22:57:37+08:00" level=info msg="收到pong用户ID:1Agent:okhttp/3.9.0" dial_id=296
time="2018-04-09T22:57:43+08:00" level=info msg="开始写入,用户ID:4" dial_id=296
time="2018-04-09T22:57:43+08:00" level=info msg="收到pong用户ID:4Agent:okhttp/3.9.0" dial_id=296
time="2018-04-09T22:57:52+08:00" level=info msg="开始写入,用户ID:1" dial_id=296
time="2018-04-09T22:57:52+08:00" level=info msg="收到pong用户ID:1Agent:okhttp/3.9.0" dial_id=296
time="2018-04-09T22:57:58+08:00" level=info msg="开始写入,用户ID:4" dial_id=296
time="2018-04-09T22:57:58+08:00" level=info msg="收到pong用户ID:4Agent:okhttp/3.9.0" dial_id=296
time="2018-04-09T22:58:07+08:00" level=info msg="开始写入,用户ID:1" dial_id=296
time="2018-04-09T22:58:07+08:00" level=info msg="收到pong用户ID:1Agent:okhttp/3.9.0" dial_id=296
time="2018-04-09T22:58:13+08:00" level=info msg="开始写入,用户ID:4" dial_id=296
time="2018-04-09T22:58:13+08:00" level=info msg="收到pong用户ID:4Agent:okhttp/3.9.0" dial_id=296
time="2018-04-09T22:58:22+08:00" level=info msg="开始写入,用户ID:1" dial_id=296
time="2018-04-09T22:58:22+08:00" level=info msg="收到pong用户ID:1Agent:okhttp/3.9.0" dial_id=296
time="2018-04-09T22:58:28+08:00" level=info msg="开始写入,用户ID:4" dial_id=296
time="2018-04-09T22:58:28+08:00" level=info msg="收到pong用户ID:4Agent:okhttp/3.9.0" dial_id=296
time="2018-04-09T22:58:30+08:00" level=info msg="发送消息{\"content\":\"{\\\"balance\\\":98610,\\\"cost\\\":20,\\\"timelong\\\":60}\",\"type\":2,\"dial_id\":296}" dial_id=296
time="2018-04-09T22:58:30+08:00" level=info msg="发送消息{\"content\":\"{\\\"balance\\\":98610,\\\"cost\\\":20,\\\"timelong\\\":60}\",\"type\":2,\"dial_id\":296}" dial_id=296
time="2018-04-09T22:58:37+08:00" level=info msg="开始写入,用户ID:1" dial_id=296
time="2018-04-09T22:58:37+08:00" level=info msg="收到pong用户ID:1Agent:okhttp/3.9.0" dial_id=296
time="2018-04-09T22:58:43+08:00" level=info msg="开始写入,用户ID:4" dial_id=296
time="2018-04-09T22:58:43+08:00" level=info msg="收到pong用户ID:4Agent:okhttp/3.9.0" dial_id=296
time="2018-04-09T22:58:52+08:00" level=info msg="开始写入,用户ID:1" dial_id=296
time="2018-04-09T22:58:52+08:00" level=info msg="收到pong用户ID:1Agent:okhttp/3.9.0" dial_id=296
time="2018-04-09T22:58:58+08:00" level=info msg="开始写入,用户ID:4" dial_id=296
time="2018-04-09T22:58:58+08:00" level=info msg="收到pong用户ID:4Agent:okhttp/3.9.0" dial_id=296
time="2018-04-09T22:59:07+08:00" level=info msg="开始写入,用户ID:1" dial_id=296
time="2018-04-09T22:59:07+08:00" level=info msg="收到pong用户ID:1Agent:okhttp/3.9.0" dial_id=296
time="2018-04-09T22:59:11+08:00" level=info msg="收到客户端消息" dial_id=296
time="2018-04-09T22:59:11+08:00" level=info msg="{\"content\":\"{\\\"timelong\\\":100,\\\"NIMChannelID\\\":6239378745614572}\",\"type\":4,\"dial_id\":0}<nil>" dial_id=296
time="2018-04-09T22:59:11+08:00" level=info msg="房间关闭，准备结算,房间ID:1主播ID:4" dial_id=296
time="2018-04-09T22:59:11+08:00" level=info msg="发送消息{\"content\":\"{\\\"balance\\\":0,\\\"cost\\\":20,\\\"income\\\":12,\\\"timelong\\\":101,\\\"NIMChannelID\\\":6239378745614572}\",\"type\":4,\"dial_id\":296}" dial_id=296
time="2018-04-09T22:59:11+08:00" level=info msg="发送消息{\"content\":\"{\\\"balance\\\":0,\\\"cost\\\":20,\\\"income\\\":12,\\\"timelong\\\":101,\\\"NIMChannelID\\\":6239378745614572}\",\"type\":4,\"dial_id\":296}" dial_id=296
time="2018-04-09T22:59:11+08:00" level=info msg="准备生成变动&{0xc042590240 0xc0424ecfc0 0xc0421b4b40 0xc0422b8400 0xc042378ba0} &{0xc042380300 0xc0424ecfc0 0xc042086280 0xc042136f00 0xc042076d20}" dial_id=296
time="2018-04-09T22:59:11+08:00" level=info msg="房间结算成功,房间ID:1主播ID:4" dial_id=296
